15:03:29.422 [main                     ] DEBUG Logger               - Configured Logger
15:03:29.441 [main                     ] DEBUG GameApplication      - Logging settings
Title: Tank Battle
Version: 1.0
Width: 1800
Height: 1000
Fullscreen: false
Intro: false
Profiling: false
Single step:false
App Mode: DEVELOPER
Menu Key: ESCAPE
Stage Style: DECORATED
Scene Factory: class com.almasb.fxgl.app.scene.SceneFactory

15:03:31.082 [JavaFX Application Thread] DEBUG FXGLApplication      - Initializing FXGL
15:03:31.086 [JavaFX Application Thread] INFO  Engine               - FXGL-dev-SNAPSHOT (04.03.2021 13.50) on WINDOWS (J:14.0.2 FX:15)
15:03:31.087 [JavaFX Application Thread] DEBUG Engine               - JRE Vendor Name: AdoptOpenJDK
15:03:31.087 [JavaFX Application Thread] DEBUG Engine               - Running on OS: Windows 10 version 10.0
15:03:31.087 [JavaFX Application Thread] DEBUG Engine               - Architecture: amd64
15:03:31.087 [JavaFX Application Thread] INFO  Engine               - Source code and latest versions at: https://github.com/AlmasB/FXGL
15:03:31.088 [JavaFX Application Thread] INFO  Engine               -              Join the FXGL chat at: https://gitter.im/AlmasB/FXGL
15:03:31.405 [JavaFX Application Thread] DEBUG PrimaryStageWindow   - Creating a JavaFX scene
15:03:31.548 [JavaFX Application Thread] DEBUG PrimaryStageWindow   - Target settings size: 1800.0 x 1000.0
15:03:31.548 [JavaFX Application Thread] DEBUG PrimaryStageWindow   - Scaled scene size:    1800.0 x 1000.0
15:03:31.548 [JavaFX Application Thread] DEBUG PrimaryStageWindow   - Scaled ratio: (1.0, 1.0)
15:03:31.550 [JavaFX Application Thread] DEBUG PrimaryStageWindow   - Set initial scene to FXGLStartupScene
15:03:31.558 [JavaFX Application Thread] DEBUG PrimaryStageWindow   - Opening main window
15:03:31.711 [JavaFX Application Thread] DEBUG PrimaryStageWindow   - Window border size: (16.0, 39.0)
15:03:31.711 [JavaFX Application Thread] DEBUG PrimaryStageWindow   - Scaled size: 1800.0 x 1000.0
15:03:31.712 [JavaFX Application Thread] DEBUG PrimaryStageWindow   - Scaled ratio: (1.0, 1.0)
15:03:31.712 [JavaFX Application Thread] DEBUG PrimaryStageWindow   - Scene size: 1800.0 x 1000.0
15:03:31.713 [JavaFX Application Thread] DEBUG PrimaryStageWindow   - Stage size: 1816.0 x 1039.0
15:03:31.803 [FXGL Background Thread 1 ] DEBUG Engine               - Initializing environment variables
15:03:31.892 [FXGL Background Thread 1 ] DEBUG FXGLAssetLoaderServi - User app class for loading assets: class Game
15:03:31.892 [FXGL Background Thread 1 ] DEBUG GameApplicationServi - Applying CSS: fxgl_dark.css
15:03:31.893 [FXGL Background Thread 1 ] DEBUG FXGLAssetLoaderServi - Loading from file system: jar:file:/C:/Users/alpes/.m2/repository/com/github/almasb/fxgl/dev-SNAPSHOT/fxgl-dev-20210304.135118-1693.jar!/fxglassets/ui/css/fxgl_dark.css
15:03:32.018 [FXGL Background Thread 1 ] DEBUG GameApplicationServi - Initializing application scenes
15:03:32.226 [FXGL Background Thread 1 ] DEBUG GameWorld            - Game world initialized
15:03:32.327 [FXGL Background Thread 1 ] DEBUG PhysicsWorld         - Physics world initialized: appHeight=1000, physics.ppm=50.0
15:03:32.327 [FXGL Background Thread 1 ] DEBUG PhysicsWorld         - Using strategy: BRUTE_FORCE
15:03:32.332 [FXGL Background Thread 1 ] DEBUG GameScene            - Game scene initialized: 1800x1000
15:03:32.396 [FXGL Background Thread 1 ] DEBUG FXGLAssetLoaderServi - Loading from file system: jar:file:/C:/Users/alpes/.m2/repository/com/github/almasb/fxgl/dev-SNAPSHOT/fxgl-dev-20210304.135118-1693.jar!/fxglassets/textures/particles/trace_horizontal.png
15:03:32.506 [FXGL Background Thread 1 ] DEBUG FXGL.DefaultMenu     - createMenuBodyMainMenu()
15:03:32.534 [FXGL Background Thread 1 ] DEBUG FXGL.DefaultMenu     - createOptionsMenu()
15:03:32.544 [FXGL Background Thread 1 ] DEBUG FXGLAssetLoaderServi - Loading from file system: jar:file:/C:/Users/alpes/.m2/repository/com/github/almasb/fxgl/dev-SNAPSHOT/fxgl-dev-20210304.135118-1693.jar!/fxglassets/textures/particles/smoke.png
15:03:32.662 [FXGL Background Thread 1 ] DEBUG FXGL.DefaultMenu     - createMenuBodyGameMenu()
15:03:32.664 [FXGL Background Thread 1 ] DEBUG FXGL.DefaultMenu     - createOptionsMenu()
15:03:32.703 [FXGL Background Thread 1 ] DEBUG GameApplicationServi - Application scenes initialized
15:03:32.722 [FXGL Background Thread 1 ] DEBUG SystemBundleService  - Loading FXGL system data
15:03:32.728 [FXGL Background Thread 1 ] DEBUG FileSystemAccess     - Reading from: C:\Users\alpes\Documents\Desktop\Java\Projects\FXGL\Tank Game\system\fxgl.bundle
15:03:32.737 [FXGL Background Thread 1 ] DEBUG SystemBundleService  - Bundle FXGL: {}
15:03:32.737 [FXGL Background Thread 1 ] DEBUG UpdaterService       - Checking for updates
15:03:32.744 [FXGL Background Thread 4 ] DEBUG FXGLApplication      - Loading fonts
15:03:32.744 [FXGL Background Thread 1 ] DEBUG FXGLApplication      - Loading default localization
15:03:32.745 [FXGL Background Thread 4 ] DEBUG FXGLAssetLoaderServi - Loading from file system: jar:file:/C:/Users/alpes/.m2/repository/com/github/almasb/fxgl/dev-SNAPSHOT/fxgl-dev-20210304.135118-1693.jar!/fxglassets/ui/fonts/VarelaRound-Regular.ttf
15:03:32.748 [FXGL Background Thread 1 ] DEBUG FXGLAssetLoaderServi - Loading from file system: jar:file:/C:/Users/alpes/.m2/repository/com/github/almasb/fxgl/dev-SNAPSHOT/fxgl-dev-20210304.135118-1693.jar!/fxglassets/languages/english.lang
15:03:32.777 [FXGL Background Thread 1 ] INFO  FXGLApplication      - FXGL initialization took: 0.973 sec
15:03:32.793 [JavaFX Application Thread] DEBUG Input                - Registered new binding: Player 1 Tank Move Left - A
15:03:32.793 [JavaFX Application Thread] DEBUG Input                - Registered new binding: Player 1 Tank Move Right - D
15:03:32.793 [JavaFX Application Thread] DEBUG Input                - Registered new binding: Player 2 Tank Move Left - Left
15:03:32.794 [JavaFX Application Thread] DEBUG Input                - Registered new binding: Player 2 Tank Move Right - Right
15:03:32.795 [JavaFX Application Thread] DEBUG Input                - Registered new binding: Shoot Bullet - LMB
15:03:32.796 [JavaFX Application Thread] DEBUG Input                - Registered new binding: Double Damage Power Up - Z
15:03:32.797 [JavaFX Application Thread] DEBUG FXGLAssetLoaderServi - Loading from file system: jar:file:/C:/Users/alpes/.m2/repository/com/github/almasb/fxgl/dev-SNAPSHOT/fxgl-dev-20210304.135118-1693.jar!/fxglassets/textures/fxgl_icon.png
15:03:32.835 [JavaFX Application Thread] DEBUG FXGLAssetLoaderServi - Loading from file system: jar:file:/C:/Users/alpes/.m2/repository/com/github/almasb/fxgl/dev-SNAPSHOT/fxgl-dev-20210304.135118-1693.jar!/fxglassets/ui/cursors/fxgl_default.png
15:03:32.838 [JavaFX Application Thread] DEBUG Input                - Registered new binding: Screenshot - P
15:03:32.839 [JavaFX Application Thread] DEBUG Input                - Registered new binding: System info dump - CTRL+9
15:03:32.841 [JavaFX Application Thread] DEBUG Input                - Registered new binding: Restart - CTRL+R
15:03:32.841 [JavaFX Application Thread] DEBUG Input                - Registered new binding: Toggle Debug Camera - CTRL+C
15:03:32.844 [JavaFX Application Thread] DEBUG LoopRunner           - Starting loop
15:03:32.845 [JavaFX Application Thread] DEBUG LoopRunner           - Initializing JavaFX AnimationTimerLoop
15:03:32.850 [JavaFX Application Thread] DEBUG Input                - Clearing active input actions
15:03:32.861 [JavaFX Application Thread] DEBUG GameApplicationServi - Removing overlay from FXGLStartupScene and adding to FXGLMainMenuDummyScene
15:03:32.861 [JavaFX Application Thread] DEBUG PrimaryStageWindow   - FXGLStartupScene -> FXGLMainMenuDummyScene
15:03:32.861 [JavaFX Application Thread] DEBUG PrimaryStageWindow   - Push state: FXGLDefaultMenu
15:03:32.869 [JavaFX Application Thread] DEBUG Input                - Clearing active input actions
15:03:32.883 [JavaFX Application Thread] DEBUG GameApplicationServi - Removing overlay from FXGLMainMenuDummyScene and adding to FXGLDefaultMenu
15:03:32.884 [JavaFX Application Thread] DEBUG PrimaryStageWindow   - FXGLMainMenuDummyScene -> FXGLDefaultMenu
15:03:33.259 [FXGL Background Thread 4 ] DEBUG FXGLAssetLoaderServi - Loading from file system: jar:file:/C:/Users/alpes/.m2/repository/com/github/almasb/fxgl/dev-SNAPSHOT/fxgl-dev-20210304.135118-1693.jar!/fxglassets/ui/fonts/Abel-Regular.ttf
15:03:33.263 [FXGL Background Thread 4 ] DEBUG FXGLAssetLoaderServi - Loading from file system: jar:file:/C:/Users/alpes/.m2/repository/com/github/almasb/fxgl/dev-SNAPSHOT/fxgl-dev-20210304.135118-1693.jar!/fxglassets/ui/fonts/lucida_console.ttf
15:03:33.271 [FXGL Background Thread 4 ] DEBUG FXGLAssetLoaderServi - Loading from file system: jar:file:/C:/Users/alpes/.m2/repository/com/github/almasb/fxgl/dev-SNAPSHOT/fxgl-dev-20210304.135118-1693.jar!/fxglassets/ui/fonts/Courier-Prime.ttf
15:03:33.301 [JavaFX Application Thread] DEBUG FXGLApplication      - Registering font factories with UI factory
15:03:34.328 [FXGL Background Thread 2 ] INFO  UpdaterService       - Your current version:  dev-SNAPSHOT
15:03:34.329 [FXGL Background Thread 2 ] INFO  UpdaterService       - Latest stable version: 11.14
15:03:35.742 [FXGL Background Thread 3 ] DEBUG Engine               - Logging environment variables
15:03:35.743 [FXGL Background Thread 3 ] DEBUG Engine               - achievements: []
15:03:35.744 [FXGL Background Thread 3 ] DEBUG Engine               - actualHeight: 1000.0
15:03:35.744 [FXGL Background Thread 3 ] DEBUG Engine               - actualHeightProperty: ReadOnlyDoubleProperty [value: 1000.0]
15:03:35.745 [FXGL Background Thread 3 ] DEBUG Engine               - actualWidth: 1800.0
15:03:35.745 [FXGL Background Thread 3 ] DEBUG Engine               - actualWidthProperty: ReadOnlyDoubleProperty [value: 1800.0]
15:03:35.746 [FXGL Background Thread 3 ] DEBUG Engine               - appIcon: fxgl_icon.png
15:03:35.746 [FXGL Background Thread 3 ] DEBUG Engine               - applicationMode: DEVELOPER
15:03:35.747 [FXGL Background Thread 3 ] DEBUG Engine               - cSSList: [fxgl_dark.css]
15:03:35.747 [FXGL Background Thread 3 ] DEBUG Engine               - collisionDetectionStrategy: BRUTE_FORCE
15:03:35.747 [FXGL Background Thread 3 ] DEBUG Engine               - configClass: Optional.empty
15:03:35.748 [FXGL Background Thread 3 ] DEBUG Engine               - credits: []
15:03:35.748 [FXGL Background Thread 3 ] DEBUG Engine               - devBBoxColorProperty: ObjectProperty [value: 0xff0000ff]
15:03:35.748 [FXGL Background Thread 3 ] DEBUG Engine               - devEnableDebugCameraProperty: BooleanProperty [value: false]
15:03:35.749 [FXGL Background Thread 3 ] DEBUG Engine               - devSensorColorProperty: ObjectProperty [value: 0xffff00ff]
15:03:35.749 [FXGL Background Thread 3 ] DEBUG Engine               - devShowBBoxProperty: BooleanProperty [value: false]
15:03:35.749 [FXGL Background Thread 3 ] DEBUG Engine               - devShowPositionProperty: BooleanProperty [value: false]
15:03:35.749 [FXGL Background Thread 3 ] DEBUG Engine               - enabledMenuItems: []
15:03:35.749 [FXGL Background Thread 3 ] DEBUG Engine               - engineServices: [class com.almasb.fxgl.app.services.FXGLAssetLoaderService, class com.almasb.fxgl.app.FXGLApplication$GameApplicationService, class com.almasb.fxgl.app.services.FXGLDialogService, class com.almasb.fxgl.app.services.IOTaskExecutorService, class com.almasb.fxgl.event.EventBusService, class com.almasb.fxgl.io.FileSystemService, class com.almasb.fxgl.localization.LocalizationService, class com.almasb.fxgl.app.services.SystemBundleService, class com.almasb.fxgl.profile.SaveLoadService, class com.almasb.fxgl.ui.FXGLUIFactoryServiceProvider, class com.almasb.fxgl.ui.FXGLDialogFactoryServiceProvider, class com.almasb.fxgl.audio.AudioPlayer, class com.almasb.fxgl.notification.impl.NotificationServiceProvider, class com.almasb.fxgl.achievement.AchievementService, class com.almasb.fxgl.cutscene.CutsceneService, class com.almasb.fxgl.minigames.MiniGameService, class com.almasb.fxgl.net.NetService, class com.almasb.fxgl.app.services.UpdaterService, class com.almasb.fxgl.dev.DevService]
15:03:35.749 [FXGL Background Thread 3 ] DEBUG Engine               - fontGame: Abel-Regular.ttf
15:03:35.749 [FXGL Background Thread 3 ] DEBUG Engine               - fontMono: lucida_console.ttf
15:03:35.750 [FXGL Background Thread 3 ] DEBUG Engine               - fontText: Courier-Prime.ttf
15:03:35.750 [FXGL Background Thread 3 ] DEBUG Engine               - fontUI: VarelaRound-Regular.ttf
15:03:35.750 [FXGL Background Thread 3 ] DEBUG Engine               - fullScreen: BooleanProperty [value: false]
15:03:35.750 [FXGL Background Thread 3 ] DEBUG Engine               - gameDifficulty: MEDIUM
15:03:35.750 [FXGL Background Thread 3 ] DEBUG Engine               - gameDifficultyProperty: ObjectProperty [value: MEDIUM]
15:03:35.750 [FXGL Background Thread 3 ] DEBUG Engine               - globalMusicVolume: 0.5
15:03:35.751 [FXGL Background Thread 3 ] DEBUG Engine               - globalMusicVolumeProperty: DoubleProperty [value: 0.5]
15:03:35.751 [FXGL Background Thread 3 ] DEBUG Engine               - globalSoundVolume: 0.5
15:03:35.751 [FXGL Background Thread 3 ] DEBUG Engine               - globalSoundVolumeProperty: DoubleProperty [value: 0.5]
15:03:35.751 [FXGL Background Thread 3 ] DEBUG Engine               - height: 1000
15:03:35.751 [FXGL Background Thread 3 ] DEBUG Engine               - isAndroid: false
15:03:35.752 [FXGL Background Thread 3 ] DEBUG Engine               - isBrowser: false
15:03:35.752 [FXGL Background Thread 3 ] DEBUG Engine               - isClickFeedbackEnabled: false
15:03:35.752 [FXGL Background Thread 3 ] DEBUG Engine               - isCloseConfirmation: false
15:03:35.752 [FXGL Background Thread 3 ] DEBUG Engine               - isDesktop: true
15:03:35.752 [FXGL Background Thread 3 ] DEBUG Engine               - isDeveloperMenuEnabled: false
15:03:35.752 [FXGL Background Thread 3 ] DEBUG Engine               - isEntityPreloadEnabled: true
15:03:35.752 [FXGL Background Thread 3 ] DEBUG Engine               - isExperimental3D: false
15:03:35.752 [FXGL Background Thread 3 ] DEBUG Engine               - isExperimentalNative: false
15:03:35.752 [FXGL Background Thread 3 ] DEBUG Engine               - isExperimentalTiledLargeMap: false
15:03:35.752 [FXGL Background Thread 3 ] DEBUG Engine               - isFileSystemWriteAllowed: true
15:03:35.752 [FXGL Background Thread 3 ] DEBUG Engine               - isFullScreenAllowed: false
15:03:35.753 [FXGL Background Thread 3 ] DEBUG Engine               - isFullScreenFromStart: false
15:03:35.753 [FXGL Background Thread 3 ] DEBUG Engine               - isGameMenuEnabled: true
15:03:35.753 [FXGL Background Thread 3 ] DEBUG Engine               - isIOS: false
15:03:35.753 [FXGL Background Thread 3 ] DEBUG Engine               - isIntroEnabled: false
15:03:35.753 [FXGL Background Thread 3 ] DEBUG Engine               - isLinux: false
15:03:35.753 [FXGL Background Thread 3 ] DEBUG Engine               - isMac: false
15:03:35.753 [FXGL Background Thread 3 ] DEBUG Engine               - isMainMenuEnabled: true
15:03:35.754 [FXGL Background Thread 3 ] DEBUG Engine               - isManualResizeEnabled: false
15:03:35.754 [FXGL Background Thread 3 ] DEBUG Engine               - isMobile: false
15:03:35.754 [FXGL Background Thread 3 ] DEBUG Engine               - isPreserveResizeRatio: false
15:03:35.754 [FXGL Background Thread 3 ] DEBUG Engine               - isProfilingEnabled: false
15:03:35.754 [FXGL Background Thread 3 ] DEBUG Engine               - isScaleAffectedOnResize: true
15:03:35.755 [FXGL Background Thread 3 ] DEBUG Engine               - isSingleStep: false
15:03:35.755 [FXGL Background Thread 3 ] DEBUG Engine               - isUserProfileEnabled: false
15:03:35.755 [FXGL Background Thread 3 ] DEBUG Engine               - isWindows: true
15:03:35.755 [FXGL Background Thread 3 ] DEBUG Engine               - language: ObjectProperty [value: ENGLISH]
15:03:35.756 [FXGL Background Thread 3 ] DEBUG Engine               - menuKey: ESCAPE
15:03:35.756 [FXGL Background Thread 3 ] DEBUG Engine               - notificationViewClass: class com.almasb.fxgl.notification.view.XboxNotificationView
15:03:35.756 [FXGL Background Thread 3 ] DEBUG Engine               - pixelsPerMeter: 50.0
15:03:35.756 [FXGL Background Thread 3 ] DEBUG Engine               - platform: WINDOWS
15:03:35.756 [FXGL Background Thread 3 ] DEBUG Engine               - prefHeightProperty: ReadOnlyDoubleProperty [value: 1000.0]
15:03:35.756 [FXGL Background Thread 3 ] DEBUG Engine               - prefWidthProperty: ReadOnlyDoubleProperty [value: 1800.0]
15:03:35.756 [FXGL Background Thread 3 ] DEBUG Engine               - profileDir: profiles/
15:03:35.757 [FXGL Background Thread 3 ] DEBUG Engine               - profileName: StringProperty [value: DEFAULT]
15:03:35.757 [FXGL Background Thread 3 ] DEBUG Engine               - randomSeed: -1
15:03:35.757 [FXGL Background Thread 3 ] DEBUG Engine               - runtimeInfo: RuntimeInfo(platform=WINDOWS, version=dev-SNAPSHOT, build=04.03.2021 13.50)
15:03:35.757 [FXGL Background Thread 3 ] DEBUG Engine               - saveFileExt: sav
15:03:35.758 [FXGL Background Thread 3 ] DEBUG Engine               - scaledHeightProp$fxgl: DoubleProperty [bound, value: 1000.0]
15:03:35.758 [FXGL Background Thread 3 ] DEBUG Engine               - scaledWidthProp$fxgl: DoubleProperty [bound, value: 1800.0]
15:03:35.758 [FXGL Background Thread 3 ] DEBUG Engine               - sceneFactory: com.almasb.fxgl.app.scene.SceneFactory@554ba2be
15:03:35.759 [FXGL Background Thread 3 ] DEBUG Engine               - secondsIn24h: 60
15:03:35.760 [FXGL Background Thread 3 ] DEBUG Engine               - soundMenuBack: menu/back.wav
15:03:35.760 [FXGL Background Thread 3 ] DEBUG Engine               - soundMenuPress: menu/press.wav
15:03:35.761 [FXGL Background Thread 3 ] DEBUG Engine               - soundMenuSelect: menu/select.wav
15:03:35.761 [FXGL Background Thread 3 ] DEBUG Engine               - soundNotification: core/notification.wav
15:03:35.761 [FXGL Background Thread 3 ] DEBUG Engine               - stageStyle: DECORATED
15:03:35.761 [FXGL Background Thread 3 ] DEBUG Engine               - supportedLanguages: [ENGLISH, FRENCH, GERMAN, HUNGARIAN, RUSSIAN]
15:03:35.761 [FXGL Background Thread 3 ] DEBUG Engine               - ticksPerSecond: -1
15:03:35.762 [FXGL Background Thread 3 ] DEBUG Engine               - title: Tank Battle
15:03:35.762 [FXGL Background Thread 3 ] DEBUG Engine               - urlGithub: https://github.com/AlmasB/FXGL
15:03:35.762 [FXGL Background Thread 3 ] DEBUG Engine               - urlLeaderboard: http://fxgl-top.herokuapp.com/
15:03:35.763 [FXGL Background Thread 3 ] DEBUG Engine               - urlPOM: https://raw.githubusercontent.com/AlmasB/FXGL/release/README.md
15:03:35.763 [FXGL Background Thread 3 ] DEBUG Engine               - userAppClass: class Game
15:03:35.764 [FXGL Background Thread 3 ] DEBUG Engine               - version: 1.0
15:03:35.764 [FXGL Background Thread 3 ] DEBUG Engine               - versionCheckDays: 7
15:03:35.765 [FXGL Background Thread 3 ] DEBUG Engine               - width: 1800
15:03:35.765 [FXGL Background Thread 3 ] DEBUG Engine               - Logging services
15:03:35.765 [FXGL Background Thread 3 ] DEBUG Engine               - class com.almasb.fxgl.app.services.FXGLAssetLoaderService
15:03:35.765 [FXGL Background Thread 3 ] DEBUG Engine               - class com.almasb.fxgl.app.FXGLApplication$GameApplicationService
15:03:35.765 [FXGL Background Thread 3 ] DEBUG Engine               - class com.almasb.fxgl.app.services.FXGLDialogService
15:03:35.765 [FXGL Background Thread 3 ] DEBUG Engine               - class com.almasb.fxgl.app.services.IOTaskExecutorService
15:03:35.765 [FXGL Background Thread 3 ] DEBUG Engine               - class com.almasb.fxgl.event.EventBusService
15:03:35.765 [FXGL Background Thread 3 ] DEBUG Engine               - class com.almasb.fxgl.io.FileSystemService
15:03:35.766 [FXGL Background Thread 3 ] DEBUG Engine               - class com.almasb.fxgl.localization.LocalizationService
15:03:35.766 [FXGL Background Thread 3 ] DEBUG Engine               - class com.almasb.fxgl.app.services.SystemBundleService
15:03:35.766 [FXGL Background Thread 3 ] DEBUG Engine               - class com.almasb.fxgl.profile.SaveLoadService
15:03:35.766 [FXGL Background Thread 3 ] DEBUG Engine               - class com.almasb.fxgl.ui.FXGLUIFactoryServiceProvider
15:03:35.766 [FXGL Background Thread 3 ] DEBUG Engine               - class com.almasb.fxgl.ui.FXGLDialogFactoryServiceProvider
15:03:35.766 [FXGL Background Thread 3 ] DEBUG Engine               - class com.almasb.fxgl.audio.AudioPlayer
15:03:35.766 [FXGL Background Thread 3 ] DEBUG Engine               - class com.almasb.fxgl.notification.impl.NotificationServiceProvider
15:03:35.766 [FXGL Background Thread 3 ] DEBUG Engine               - class com.almasb.fxgl.achievement.AchievementService
15:03:35.766 [FXGL Background Thread 3 ] DEBUG Engine               - class com.almasb.fxgl.cutscene.CutsceneService
15:03:35.766 [FXGL Background Thread 3 ] DEBUG Engine               - class com.almasb.fxgl.minigames.MiniGameService
15:03:35.766 [FXGL Background Thread 3 ] DEBUG Engine               - class com.almasb.fxgl.net.NetService
15:03:35.767 [FXGL Background Thread 3 ] DEBUG Engine               - class com.almasb.fxgl.app.services.UpdaterService
15:03:35.767 [FXGL Background Thread 3 ] DEBUG Engine               - class com.almasb.fxgl.dev.DevService
15:03:37.964 [JavaFX Application Thread] DEBUG Menu                 - fireNewGame()
15:03:37.964 [JavaFX Application Thread] DEBUG GameApplicationServi - Starting new game
15:03:37.974 [JavaFX Application Thread] DEBUG PrimaryStageWindow   - Pop state: FXGLDefaultMenu
15:03:37.974 [JavaFX Application Thread] DEBUG Input                - Clearing active input actions
15:03:37.977 [JavaFX Application Thread] DEBUG GameApplicationServi - Removing overlay from FXGLDefaultMenu and adding to FXGLMainMenuDummyScene
15:03:37.978 [JavaFX Application Thread] DEBUG PrimaryStageWindow   - FXGLMainMenuDummyScene <- FXGLDefaultMenu
15:03:37.978 [JavaFX Application Thread] DEBUG Input                - Clearing active input actions
15:03:38.016 [JavaFX Application Thread] DEBUG GameApplicationServi - Removing overlay from FXGLMainMenuDummyScene and adding to FXGLLoadingScene
15:03:38.016 [JavaFX Application Thread] DEBUG PrimaryStageWindow   - FXGLMainMenuDummyScene -> FXGLLoadingScene
15:03:38.016 [JavaFX Application Thread] DEBUG GameApplicationServi - Clearing previous game
15:03:38.016 [JavaFX Application Thread] DEBUG GameScene            - Clearing game scene
15:03:38.016 [JavaFX Application Thread] DEBUG GameWorld            - Clearing game world
15:03:38.017 [JavaFX Application Thread] DEBUG PhysicsWorld         - Clearing physics world
15:03:38.018 [FXGL Background Thread 2 ] DEBUG FXGLApplication      - Initializing game
15:03:38.022 [FXGL Background Thread 2 ] DEBUG FXGLAssetLoaderServi - Loading from file system: file:/C:/Users/alpes/Documents/Desktop/Java/Projects/FXGL/Tank%20Game/target/classes/assets/textures/cartoonTankLeft.png
15:03:38.150 [FXGL Background Thread 2 ] DEBUG FXGLAssetLoaderServi - Loading from file system: file:/C:/Users/alpes/Documents/Desktop/Java/Projects/FXGL/Tank%20Game/target/classes/assets/textures/cartoonTank.png
15:03:38.186 [FXGL Background Thread 2 ] INFO  FXGLApplication      - Game initialization took: 0.168 sec
15:03:38.187 [JavaFX Application Thread] DEBUG Input                - Clearing active input actions
15:03:38.211 [JavaFX Application Thread] DEBUG GameApplicationServi - Removing overlay from FXGLLoadingScene and adding to GameScene
15:03:38.212 [JavaFX Application Thread] DEBUG PrimaryStageWindow   - FXGLLoadingScene -> GameScene
15:03:40.493 [JavaFX Application Thread] DEBUG PrimaryStageWindow   - Push state: FXGLDefaultMenu
15:03:40.493 [JavaFX Application Thread] DEBUG Input                - Clearing active input actions
15:03:40.494 [JavaFX Application Thread] DEBUG GameApplicationServi - Removing overlay from GameScene and adding to FXGLDefaultMenu
15:03:40.495 [JavaFX Application Thread] DEBUG PrimaryStageWindow   - GameScene -> FXGLDefaultMenu
15:03:43.793 [JavaFX Application Thread] DEBUG FXGL.DefaultMenu     - createContentControls()
15:04:02.762 [JavaFX Application Thread] DEBUG Menu                 - fireResume()
15:04:02.763 [JavaFX Application Thread] DEBUG PrimaryStageWindow   - Pop state: FXGLDefaultMenu
15:04:02.763 [JavaFX Application Thread] DEBUG Input                - Clearing active input actions
15:04:02.764 [JavaFX Application Thread] DEBUG GameApplicationServi - Removing overlay from FXGLDefaultMenu and adding to GameScene
15:04:02.764 [JavaFX Application Thread] DEBUG PrimaryStageWindow   - GameScene <- FXGLDefaultMenu
15:04:09.954 [JavaFX Application Thread] DEBUG FXGLApplication      - Exiting FXGL
15:04:09.954 [JavaFX Application Thread] DEBUG LoopRunner           - Stopping loop
15:04:09.954 [JavaFX Application Thread] DEBUG SystemBundleService  - Saving FXGL system data
15:04:09.956 [JavaFX Application Thread] DEBUG FileSystemAccess     - Writing to: C:\Users\alpes\Documents\Desktop\Java\Projects\FXGL\Tank Game\system\fxgl.bundle
15:04:09.958 [JavaFX Application Thread] DEBUG Async                - Shutting down background threads
15:04:09.958 [JavaFX Application Thread] DEBUG PrimaryStageWindow   - Closing main window
15:04:09.980 [JavaFX Application Thread] DEBUG Logger               - Closing Logger
