15:04:14.225 [main                     ] DEBUG Logger               - Configured Logger
15:04:14.243 [main                     ] DEBUG GameApplication      - Logging settings
Title: Tank Battle
Version: 1.0
Width: 1800
Height: 1000
Fullscreen: false
Intro: false
Profiling: false
Single step:false
App Mode: DEVELOPER
Menu Key: ESCAPE
Stage Style: DECORATED
Scene Factory: class com.almasb.fxgl.app.scene.SceneFactory

15:04:16.067 [JavaFX Application Thread] DEBUG FXGLApplication      - Initializing FXGL
15:04:16.072 [JavaFX Application Thread] INFO  Engine               - FXGL-dev-SNAPSHOT (04.03.2021 13.50) on WINDOWS (J:14.0.2 FX:15)
15:04:16.072 [JavaFX Application Thread] DEBUG Engine               - JRE Vendor Name: AdoptOpenJDK
15:04:16.072 [JavaFX Application Thread] DEBUG Engine               - Running on OS: Windows 10 version 10.0
15:04:16.073 [JavaFX Application Thread] DEBUG Engine               - Architecture: amd64
15:04:16.073 [JavaFX Application Thread] INFO  Engine               - Source code and latest versions at: https://github.com/AlmasB/FXGL
15:04:16.074 [JavaFX Application Thread] INFO  Engine               -              Join the FXGL chat at: https://gitter.im/AlmasB/FXGL
15:04:16.258 [JavaFX Application Thread] DEBUG PrimaryStageWindow   - Creating a JavaFX scene
15:04:16.338 [JavaFX Application Thread] DEBUG PrimaryStageWindow   - Target settings size: 1800.0 x 1000.0
15:04:16.338 [JavaFX Application Thread] DEBUG PrimaryStageWindow   - Scaled scene size:    1800.0 x 1000.0
15:04:16.339 [JavaFX Application Thread] DEBUG PrimaryStageWindow   - Scaled ratio: (1.0, 1.0)
15:04:16.341 [JavaFX Application Thread] DEBUG PrimaryStageWindow   - Set initial scene to FXGLStartupScene
15:04:16.350 [JavaFX Application Thread] DEBUG PrimaryStageWindow   - Opening main window
15:04:16.477 [JavaFX Application Thread] DEBUG PrimaryStageWindow   - Window border size: (16.0, 39.0)
15:04:16.478 [JavaFX Application Thread] DEBUG PrimaryStageWindow   - Scaled size: 1800.0 x 1000.0
15:04:16.478 [JavaFX Application Thread] DEBUG PrimaryStageWindow   - Scaled ratio: (1.0, 1.0)
15:04:16.478 [JavaFX Application Thread] DEBUG PrimaryStageWindow   - Scene size: 1800.0 x 1000.0
15:04:16.478 [JavaFX Application Thread] DEBUG PrimaryStageWindow   - Stage size: 1816.0 x 1039.0
15:04:16.520 [FXGL Background Thread 1 ] DEBUG Engine               - Initializing environment variables
15:04:16.596 [FXGL Background Thread 1 ] DEBUG FXGLAssetLoaderServi - User app class for loading assets: class Game
15:04:16.597 [FXGL Background Thread 1 ] DEBUG GameApplicationServi - Applying CSS: fxgl_dark.css
15:04:16.598 [FXGL Background Thread 1 ] DEBUG FXGLAssetLoaderServi - Loading from file system: jar:file:/C:/Users/alpes/.m2/repository/com/github/almasb/fxgl/dev-SNAPSHOT/fxgl-dev-20210304.135118-1693.jar!/fxglassets/ui/css/fxgl_dark.css
15:04:16.712 [FXGL Background Thread 1 ] DEBUG GameApplicationServi - Initializing application scenes
15:04:16.899 [FXGL Background Thread 1 ] DEBUG GameWorld            - Game world initialized
15:04:16.987 [FXGL Background Thread 1 ] DEBUG PhysicsWorld         - Physics world initialized: appHeight=1000, physics.ppm=50.0
15:04:16.987 [FXGL Background Thread 1 ] DEBUG PhysicsWorld         - Using strategy: BRUTE_FORCE
15:04:16.991 [FXGL Background Thread 1 ] DEBUG GameScene            - Game scene initialized: 1800x1000
15:04:17.038 [FXGL Background Thread 1 ] DEBUG FXGLAssetLoaderServi - Loading from file system: jar:file:/C:/Users/alpes/.m2/repository/com/github/almasb/fxgl/dev-SNAPSHOT/fxgl-dev-20210304.135118-1693.jar!/fxglassets/textures/particles/trace_horizontal.png
15:04:17.107 [FXGL Background Thread 1 ] DEBUG FXGL.DefaultMenu     - createMenuBodyMainMenu()
15:04:17.126 [FXGL Background Thread 1 ] DEBUG FXGL.DefaultMenu     - createOptionsMenu()
15:04:17.136 [FXGL Background Thread 1 ] DEBUG FXGLAssetLoaderServi - Loading from file system: jar:file:/C:/Users/alpes/.m2/repository/com/github/almasb/fxgl/dev-SNAPSHOT/fxgl-dev-20210304.135118-1693.jar!/fxglassets/textures/particles/smoke.png
15:04:17.256 [FXGL Background Thread 1 ] DEBUG FXGL.DefaultMenu     - createMenuBodyGameMenu()
15:04:17.261 [FXGL Background Thread 1 ] DEBUG FXGL.DefaultMenu     - createOptionsMenu()
15:04:17.287 [FXGL Background Thread 1 ] DEBUG GameApplicationServi - Application scenes initialized
15:04:17.304 [FXGL Background Thread 1 ] DEBUG SystemBundleService  - Loading FXGL system data
15:04:17.309 [FXGL Background Thread 1 ] DEBUG FileSystemAccess     - Reading from: C:\Users\alpes\Documents\Desktop\Java\Projects\FXGL\Tank Game\system\fxgl.bundle
15:04:17.318 [FXGL Background Thread 1 ] DEBUG SystemBundleService  - Bundle FXGL: {}
15:04:17.318 [FXGL Background Thread 1 ] DEBUG UpdaterService       - Checking for updates
15:04:17.325 [FXGL Background Thread 4 ] DEBUG FXGLApplication      - Loading fonts
15:04:17.326 [FXGL Background Thread 1 ] DEBUG FXGLApplication      - Loading default localization
15:04:17.327 [FXGL Background Thread 4 ] DEBUG FXGLAssetLoaderServi - Loading from file system: jar:file:/C:/Users/alpes/.m2/repository/com/github/almasb/fxgl/dev-SNAPSHOT/fxgl-dev-20210304.135118-1693.jar!/fxglassets/ui/fonts/VarelaRound-Regular.ttf
15:04:17.329 [FXGL Background Thread 1 ] DEBUG FXGLAssetLoaderServi - Loading from file system: jar:file:/C:/Users/alpes/.m2/repository/com/github/almasb/fxgl/dev-SNAPSHOT/fxgl-dev-20210304.135118-1693.jar!/fxglassets/languages/english.lang
15:04:17.354 [FXGL Background Thread 1 ] INFO  FXGLApplication      - FXGL initialization took: 0.834 sec
15:04:17.373 [JavaFX Application Thread] DEBUG Input                - Registered new binding: Player 1 Tank Move Left - A
15:04:17.373 [JavaFX Application Thread] DEBUG Input                - Registered new binding: Player 1 Tank Move Right - D
15:04:17.373 [JavaFX Application Thread] DEBUG Input                - Registered new binding: Player 2 Tank Move Left - Left
15:04:17.374 [JavaFX Application Thread] DEBUG Input                - Registered new binding: Player 2 Tank Move Right - Right
15:04:17.376 [JavaFX Application Thread] DEBUG Input                - Registered new binding: Shoot Bullet - LMB
15:04:17.376 [JavaFX Application Thread] DEBUG Input                - Registered new binding: Double Damage Power Up - Z
15:04:17.377 [JavaFX Application Thread] DEBUG FXGLAssetLoaderServi - Loading from file system: jar:file:/C:/Users/alpes/.m2/repository/com/github/almasb/fxgl/dev-SNAPSHOT/fxgl-dev-20210304.135118-1693.jar!/fxglassets/textures/fxgl_icon.png
15:04:17.422 [JavaFX Application Thread] DEBUG FXGLAssetLoaderServi - Loading from file system: jar:file:/C:/Users/alpes/.m2/repository/com/github/almasb/fxgl/dev-SNAPSHOT/fxgl-dev-20210304.135118-1693.jar!/fxglassets/ui/cursors/fxgl_default.png
15:04:17.425 [JavaFX Application Thread] DEBUG Input                - Registered new binding: Screenshot - P
15:04:17.426 [JavaFX Application Thread] DEBUG Input                - Registered new binding: System info dump - CTRL+9
15:04:17.427 [JavaFX Application Thread] DEBUG Input                - Registered new binding: Restart - CTRL+R
15:04:17.428 [JavaFX Application Thread] DEBUG Input                - Registered new binding: Toggle Debug Camera - CTRL+C
15:04:17.432 [JavaFX Application Thread] DEBUG LoopRunner           - Starting loop
15:04:17.432 [JavaFX Application Thread] DEBUG LoopRunner           - Initializing JavaFX AnimationTimerLoop
15:04:17.436 [JavaFX Application Thread] DEBUG Input                - Clearing active input actions
15:04:17.452 [JavaFX Application Thread] DEBUG GameApplicationServi - Removing overlay from FXGLStartupScene and adding to FXGLMainMenuDummyScene
15:04:17.453 [JavaFX Application Thread] DEBUG PrimaryStageWindow   - FXGLStartupScene -> FXGLMainMenuDummyScene
15:04:17.453 [JavaFX Application Thread] DEBUG PrimaryStageWindow   - Push state: FXGLDefaultMenu
15:04:17.460 [JavaFX Application Thread] DEBUG Input                - Clearing active input actions
15:04:17.475 [JavaFX Application Thread] DEBUG GameApplicationServi - Removing overlay from FXGLMainMenuDummyScene and adding to FXGLDefaultMenu
15:04:17.475 [JavaFX Application Thread] DEBUG PrimaryStageWindow   - FXGLMainMenuDummyScene -> FXGLDefaultMenu
15:04:17.923 [FXGL Background Thread 4 ] DEBUG FXGLAssetLoaderServi - Loading from file system: jar:file:/C:/Users/alpes/.m2/repository/com/github/almasb/fxgl/dev-SNAPSHOT/fxgl-dev-20210304.135118-1693.jar!/fxglassets/ui/fonts/Abel-Regular.ttf
15:04:17.931 [FXGL Background Thread 4 ] DEBUG FXGLAssetLoaderServi - Loading from file system: jar:file:/C:/Users/alpes/.m2/repository/com/github/almasb/fxgl/dev-SNAPSHOT/fxgl-dev-20210304.135118-1693.jar!/fxglassets/ui/fonts/lucida_console.ttf
15:04:17.944 [FXGL Background Thread 4 ] DEBUG FXGLAssetLoaderServi - Loading from file system: jar:file:/C:/Users/alpes/.m2/repository/com/github/almasb/fxgl/dev-SNAPSHOT/fxgl-dev-20210304.135118-1693.jar!/fxglassets/ui/fonts/Courier-Prime.ttf
15:04:17.951 [JavaFX Application Thread] DEBUG FXGLApplication      - Registering font factories with UI factory
15:04:18.723 [FXGL Background Thread 2 ] INFO  UpdaterService       - Your current version:  dev-SNAPSHOT
15:04:18.723 [FXGL Background Thread 2 ] INFO  UpdaterService       - Latest stable version: 11.14
15:04:19.293 [JavaFX Application Thread] DEBUG Menu                 - fireNewGame()
15:04:19.294 [JavaFX Application Thread] DEBUG GameApplicationServi - Starting new game
15:04:19.299 [JavaFX Application Thread] DEBUG PrimaryStageWindow   - Pop state: FXGLDefaultMenu
15:04:19.300 [JavaFX Application Thread] DEBUG Input                - Clearing active input actions
15:04:19.302 [JavaFX Application Thread] DEBUG GameApplicationServi - Removing overlay from FXGLDefaultMenu and adding to FXGLMainMenuDummyScene
15:04:19.302 [JavaFX Application Thread] DEBUG PrimaryStageWindow   - FXGLMainMenuDummyScene <- FXGLDefaultMenu
15:04:19.303 [JavaFX Application Thread] DEBUG Input                - Clearing active input actions
15:04:19.332 [JavaFX Application Thread] DEBUG GameApplicationServi - Removing overlay from FXGLMainMenuDummyScene and adding to FXGLLoadingScene
15:04:19.332 [JavaFX Application Thread] DEBUG PrimaryStageWindow   - FXGLMainMenuDummyScene -> FXGLLoadingScene
15:04:19.332 [JavaFX Application Thread] DEBUG GameApplicationServi - Clearing previous game
15:04:19.333 [JavaFX Application Thread] DEBUG GameScene            - Clearing game scene
15:04:19.333 [JavaFX Application Thread] DEBUG GameWorld            - Clearing game world
15:04:19.333 [JavaFX Application Thread] DEBUG PhysicsWorld         - Clearing physics world
15:04:19.334 [FXGL Background Thread 2 ] DEBUG FXGLApplication      - Initializing game
15:04:19.338 [FXGL Background Thread 2 ] DEBUG FXGLAssetLoaderServi - Loading from file system: file:/C:/Users/alpes/Documents/Desktop/Java/Projects/FXGL/Tank%20Game/target/classes/assets/textures/cartoonTankLeft.png
15:04:19.441 [FXGL Background Thread 2 ] DEBUG FXGLAssetLoaderServi - Loading from file system: file:/C:/Users/alpes/Documents/Desktop/Java/Projects/FXGL/Tank%20Game/target/classes/assets/textures/cartoonTank.png
15:04:19.491 [FXGL Background Thread 2 ] INFO  FXGLApplication      - Game initialization took: 0.157 sec
15:04:19.493 [JavaFX Application Thread] DEBUG Input                - Clearing active input actions
15:04:19.508 [JavaFX Application Thread] DEBUG GameApplicationServi - Removing overlay from FXGLLoadingScene and adding to GameScene
15:04:19.509 [JavaFX Application Thread] DEBUG PrimaryStageWindow   - FXGLLoadingScene -> GameScene
15:04:20.324 [FXGL Background Thread 3 ] DEBUG Engine               - Logging environment variables
15:04:20.325 [FXGL Background Thread 3 ] DEBUG Engine               - achievements: []
15:04:20.325 [FXGL Background Thread 3 ] DEBUG Engine               - actualHeight: 1000.0
15:04:20.326 [FXGL Background Thread 3 ] DEBUG Engine               - actualHeightProperty: ReadOnlyDoubleProperty [value: 1000.0]
15:04:20.326 [FXGL Background Thread 3 ] DEBUG Engine               - actualWidth: 1800.0
15:04:20.327 [FXGL Background Thread 3 ] DEBUG Engine               - actualWidthProperty: ReadOnlyDoubleProperty [value: 1800.0]
15:04:20.327 [FXGL Background Thread 3 ] DEBUG Engine               - appIcon: fxgl_icon.png
15:04:20.327 [FXGL Background Thread 3 ] DEBUG Engine               - applicationMode: DEVELOPER
15:04:20.327 [FXGL Background Thread 3 ] DEBUG Engine               - cSSList: [fxgl_dark.css]
15:04:20.328 [FXGL Background Thread 3 ] DEBUG Engine               - collisionDetectionStrategy: BRUTE_FORCE
15:04:20.328 [FXGL Background Thread 3 ] DEBUG Engine               - configClass: Optional.empty
15:04:20.328 [FXGL Background Thread 3 ] DEBUG Engine               - credits: []
15:04:20.329 [FXGL Background Thread 3 ] DEBUG Engine               - devBBoxColorProperty: ObjectProperty [value: 0xff0000ff]
15:04:20.329 [FXGL Background Thread 3 ] DEBUG Engine               - devEnableDebugCameraProperty: BooleanProperty [value: false]
15:04:20.329 [FXGL Background Thread 3 ] DEBUG Engine               - devSensorColorProperty: ObjectProperty [value: 0xffff00ff]
15:04:20.329 [FXGL Background Thread 3 ] DEBUG Engine               - devShowBBoxProperty: BooleanProperty [value: false]
15:04:20.329 [FXGL Background Thread 3 ] DEBUG Engine               - devShowPositionProperty: BooleanProperty [value: false]
15:04:20.330 [FXGL Background Thread 3 ] DEBUG Engine               - enabledMenuItems: []
15:04:20.330 [FXGL Background Thread 3 ] DEBUG Engine               - engineServices: [class com.almasb.fxgl.app.services.FXGLAssetLoaderService, class com.almasb.fxgl.app.FXGLApplication$GameApplicationService, class com.almasb.fxgl.app.services.FXGLDialogService, class com.almasb.fxgl.app.services.IOTaskExecutorService, class com.almasb.fxgl.event.EventBusService, class com.almasb.fxgl.io.FileSystemService, class com.almasb.fxgl.localization.LocalizationService, class com.almasb.fxgl.app.services.SystemBundleService, class com.almasb.fxgl.profile.SaveLoadService, class com.almasb.fxgl.ui.FXGLUIFactoryServiceProvider, class com.almasb.fxgl.ui.FXGLDialogFactoryServiceProvider, class com.almasb.fxgl.audio.AudioPlayer, class com.almasb.fxgl.notification.impl.NotificationServiceProvider, class com.almasb.fxgl.achievement.AchievementService, class com.almasb.fxgl.cutscene.CutsceneService, class com.almasb.fxgl.minigames.MiniGameService, class com.almasb.fxgl.net.NetService, class com.almasb.fxgl.app.services.UpdaterService, class com.almasb.fxgl.dev.DevService]
15:04:20.330 [FXGL Background Thread 3 ] DEBUG Engine               - fontGame: Abel-Regular.ttf
15:04:20.330 [FXGL Background Thread 3 ] DEBUG Engine               - fontMono: lucida_console.ttf
15:04:20.330 [FXGL Background Thread 3 ] DEBUG Engine               - fontText: Courier-Prime.ttf
15:04:20.330 [FXGL Background Thread 3 ] DEBUG Engine               - fontUI: VarelaRound-Regular.ttf
15:04:20.331 [FXGL Background Thread 3 ] DEBUG Engine               - fullScreen: BooleanProperty [value: false]
15:04:20.331 [FXGL Background Thread 3 ] DEBUG Engine               - gameDifficulty: MEDIUM
15:04:20.331 [FXGL Background Thread 3 ] DEBUG Engine               - gameDifficultyProperty: ObjectProperty [value: MEDIUM]
15:04:20.331 [FXGL Background Thread 3 ] DEBUG Engine               - globalMusicVolume: 0.5
15:04:20.331 [FXGL Background Thread 3 ] DEBUG Engine               - globalMusicVolumeProperty: DoubleProperty [value: 0.5]
15:04:20.332 [FXGL Background Thread 3 ] DEBUG Engine               - globalSoundVolume: 0.5
15:04:20.332 [FXGL Background Thread 3 ] DEBUG Engine               - globalSoundVolumeProperty: DoubleProperty [value: 0.5]
15:04:20.332 [FXGL Background Thread 3 ] DEBUG Engine               - height: 1000
15:04:20.332 [FXGL Background Thread 3 ] DEBUG Engine               - isAndroid: false
15:04:20.332 [FXGL Background Thread 3 ] DEBUG Engine               - isBrowser: false
15:04:20.332 [FXGL Background Thread 3 ] DEBUG Engine               - isClickFeedbackEnabled: false
15:04:20.333 [FXGL Background Thread 3 ] DEBUG Engine               - isCloseConfirmation: false
15:04:20.333 [FXGL Background Thread 3 ] DEBUG Engine               - isDesktop: true
15:04:20.333 [FXGL Background Thread 3 ] DEBUG Engine               - isDeveloperMenuEnabled: false
15:04:20.333 [FXGL Background Thread 3 ] DEBUG Engine               - isEntityPreloadEnabled: true
15:04:20.333 [FXGL Background Thread 3 ] DEBUG Engine               - isExperimental3D: false
15:04:20.333 [FXGL Background Thread 3 ] DEBUG Engine               - isExperimentalNative: false
15:04:20.334 [FXGL Background Thread 3 ] DEBUG Engine               - isExperimentalTiledLargeMap: false
15:04:20.334 [FXGL Background Thread 3 ] DEBUG Engine               - isFileSystemWriteAllowed: true
15:04:20.334 [FXGL Background Thread 3 ] DEBUG Engine               - isFullScreenAllowed: false
15:04:20.334 [FXGL Background Thread 3 ] DEBUG Engine               - isFullScreenFromStart: false
15:04:20.334 [FXGL Background Thread 3 ] DEBUG Engine               - isGameMenuEnabled: true
15:04:20.334 [FXGL Background Thread 3 ] DEBUG Engine               - isIOS: false
15:04:20.334 [FXGL Background Thread 3 ] DEBUG Engine               - isIntroEnabled: false
15:04:20.334 [FXGL Background Thread 3 ] DEBUG Engine               - isLinux: false
15:04:20.334 [FXGL Background Thread 3 ] DEBUG Engine               - isMac: false
15:04:20.334 [FXGL Background Thread 3 ] DEBUG Engine               - isMainMenuEnabled: true
15:04:20.335 [FXGL Background Thread 3 ] DEBUG Engine               - isManualResizeEnabled: false
15:04:20.335 [FXGL Background Thread 3 ] DEBUG Engine               - isMobile: false
15:04:20.335 [FXGL Background Thread 3 ] DEBUG Engine               - isPreserveResizeRatio: false
15:04:20.335 [FXGL Background Thread 3 ] DEBUG Engine               - isProfilingEnabled: false
15:04:20.335 [FXGL Background Thread 3 ] DEBUG Engine               - isScaleAffectedOnResize: true
15:04:20.335 [FXGL Background Thread 3 ] DEBUG Engine               - isSingleStep: false
15:04:20.335 [FXGL Background Thread 3 ] DEBUG Engine               - isUserProfileEnabled: false
15:04:20.335 [FXGL Background Thread 3 ] DEBUG Engine               - isWindows: true
15:04:20.335 [FXGL Background Thread 3 ] DEBUG Engine               - language: ObjectProperty [value: ENGLISH]
15:04:20.335 [FXGL Background Thread 3 ] DEBUG Engine               - menuKey: ESCAPE
15:04:20.335 [FXGL Background Thread 3 ] DEBUG Engine               - notificationViewClass: class com.almasb.fxgl.notification.view.XboxNotificationView
15:04:20.335 [FXGL Background Thread 3 ] DEBUG Engine               - pixelsPerMeter: 50.0
15:04:20.335 [FXGL Background Thread 3 ] DEBUG Engine               - platform: WINDOWS
15:04:20.336 [FXGL Background Thread 3 ] DEBUG Engine               - prefHeightProperty: ReadOnlyDoubleProperty [value: 1000.0]
15:04:20.336 [FXGL Background Thread 3 ] DEBUG Engine               - prefWidthProperty: ReadOnlyDoubleProperty [value: 1800.0]
15:04:20.336 [FXGL Background Thread 3 ] DEBUG Engine               - profileDir: profiles/
15:04:20.336 [FXGL Background Thread 3 ] DEBUG Engine               - profileName: StringProperty [value: DEFAULT]
15:04:20.336 [FXGL Background Thread 3 ] DEBUG Engine               - randomSeed: -1
15:04:20.336 [FXGL Background Thread 3 ] DEBUG Engine               - runtimeInfo: RuntimeInfo(platform=WINDOWS, version=dev-SNAPSHOT, build=04.03.2021 13.50)
15:04:20.336 [FXGL Background Thread 3 ] DEBUG Engine               - saveFileExt: sav
15:04:20.336 [FXGL Background Thread 3 ] DEBUG Engine               - scaledHeightProp$fxgl: DoubleProperty [bound, value: 1000.0]
15:04:20.336 [FXGL Background Thread 3 ] DEBUG Engine               - scaledWidthProp$fxgl: DoubleProperty [bound, value: 1800.0]
15:04:20.336 [FXGL Background Thread 3 ] DEBUG Engine               - sceneFactory: com.almasb.fxgl.app.scene.SceneFactory@3e47089
15:04:20.337 [FXGL Background Thread 3 ] DEBUG Engine               - secondsIn24h: 60
15:04:20.337 [FXGL Background Thread 3 ] DEBUG Engine               - soundMenuBack: menu/back.wav
15:04:20.337 [FXGL Background Thread 3 ] DEBUG Engine               - soundMenuPress: menu/press.wav
15:04:20.337 [FXGL Background Thread 3 ] DEBUG Engine               - soundMenuSelect: menu/select.wav
15:04:20.337 [FXGL Background Thread 3 ] DEBUG Engine               - soundNotification: core/notification.wav
15:04:20.337 [FXGL Background Thread 3 ] DEBUG Engine               - stageStyle: DECORATED
15:04:20.337 [FXGL Background Thread 3 ] DEBUG Engine               - supportedLanguages: [ENGLISH, FRENCH, GERMAN, HUNGARIAN, RUSSIAN]
15:04:20.337 [FXGL Background Thread 3 ] DEBUG Engine               - ticksPerSecond: -1
15:04:20.337 [FXGL Background Thread 3 ] DEBUG Engine               - title: Tank Battle
15:04:20.337 [FXGL Background Thread 3 ] DEBUG Engine               - urlGithub: https://github.com/AlmasB/FXGL
15:04:20.337 [FXGL Background Thread 3 ] DEBUG Engine               - urlLeaderboard: http://fxgl-top.herokuapp.com/
15:04:20.338 [FXGL Background Thread 3 ] DEBUG Engine               - urlPOM: https://raw.githubusercontent.com/AlmasB/FXGL/release/README.md
15:04:20.338 [FXGL Background Thread 3 ] DEBUG Engine               - userAppClass: class Game
15:04:20.338 [FXGL Background Thread 3 ] DEBUG Engine               - version: 1.0
15:04:20.338 [FXGL Background Thread 3 ] DEBUG Engine               - versionCheckDays: 7
15:04:20.338 [FXGL Background Thread 3 ] DEBUG Engine               - width: 1800
15:04:20.338 [FXGL Background Thread 3 ] DEBUG Engine               - Logging services
15:04:20.338 [FXGL Background Thread 3 ] DEBUG Engine               - class com.almasb.fxgl.app.services.FXGLAssetLoaderService
15:04:20.338 [FXGL Background Thread 3 ] DEBUG Engine               - class com.almasb.fxgl.app.FXGLApplication$GameApplicationService
15:04:20.339 [FXGL Background Thread 3 ] DEBUG Engine               - class com.almasb.fxgl.app.services.FXGLDialogService
15:04:20.339 [FXGL Background Thread 3 ] DEBUG Engine               - class com.almasb.fxgl.app.services.IOTaskExecutorService
15:04:20.339 [FXGL Background Thread 3 ] DEBUG Engine               - class com.almasb.fxgl.event.EventBusService
15:04:20.339 [FXGL Background Thread 3 ] DEBUG Engine               - class com.almasb.fxgl.io.FileSystemService
15:04:20.339 [FXGL Background Thread 3 ] DEBUG Engine               - class com.almasb.fxgl.localization.LocalizationService
15:04:20.339 [FXGL Background Thread 3 ] DEBUG Engine               - class com.almasb.fxgl.app.services.SystemBundleService
15:04:20.339 [FXGL Background Thread 3 ] DEBUG Engine               - class com.almasb.fxgl.profile.SaveLoadService
15:04:20.339 [FXGL Background Thread 3 ] DEBUG Engine               - class com.almasb.fxgl.ui.FXGLUIFactoryServiceProvider
15:04:20.339 [FXGL Background Thread 3 ] DEBUG Engine               - class com.almasb.fxgl.ui.FXGLDialogFactoryServiceProvider
15:04:20.339 [FXGL Background Thread 3 ] DEBUG Engine               - class com.almasb.fxgl.audio.AudioPlayer
15:04:20.339 [FXGL Background Thread 3 ] DEBUG Engine               - class com.almasb.fxgl.notification.impl.NotificationServiceProvider
15:04:20.339 [FXGL Background Thread 3 ] DEBUG Engine               - class com.almasb.fxgl.achievement.AchievementService
15:04:20.339 [FXGL Background Thread 3 ] DEBUG Engine               - class com.almasb.fxgl.cutscene.CutsceneService
15:04:20.340 [FXGL Background Thread 3 ] DEBUG Engine               - class com.almasb.fxgl.minigames.MiniGameService
15:04:20.340 [FXGL Background Thread 3 ] DEBUG Engine               - class com.almasb.fxgl.net.NetService
15:04:20.340 [FXGL Background Thread 3 ] DEBUG Engine               - class com.almasb.fxgl.app.services.UpdaterService
15:04:20.340 [FXGL Background Thread 3 ] DEBUG Engine               - class com.almasb.fxgl.dev.DevService
15:04:22.506 [JavaFX Application Thread] DEBUG FXGLApplication      - Exiting FXGL
15:04:22.506 [JavaFX Application Thread] DEBUG LoopRunner           - Stopping loop
15:04:22.506 [JavaFX Application Thread] DEBUG SystemBundleService  - Saving FXGL system data
15:04:22.508 [JavaFX Application Thread] DEBUG FileSystemAccess     - Writing to: C:\Users\alpes\Documents\Desktop\Java\Projects\FXGL\Tank Game\system\fxgl.bundle
15:04:22.509 [JavaFX Application Thread] DEBUG Async                - Shutting down background threads
15:04:22.510 [JavaFX Application Thread] DEBUG PrimaryStageWindow   - Closing main window
15:04:22.538 [JavaFX Application Thread] DEBUG Logger               - Closing Logger
